[2024-08-07 00:32:28.384]	local.info	blogApi/main.go:18	Log init success!
[2024-08-15 22:55:55.900]	local.info	blogApi/main.go:18	Log init success!
[2024-08-15 22:57:12.455]	local.error	bootstrap/db.go:50	mysql connect failed, err:	{"err": "dial tcp 190.92.239.86:3306: connect: operation timed out"}
[2024-08-15 23:07:42.459]	local.info	blogApi/main.go:18	Log init success!
[2024-08-15 23:08:59.575]	local.error	bootstrap/db.go:50	mysql connect failed, err:	{"err": "dial tcp 190.92.239.86:3306: connect: operation timed out"}
[2024-08-15 23:33:33.570]	local.info	blogApi/main.go:15	Log init success!
[2024-08-15 23:34:50.175]	local.error	bootstrap/db.go:50	mysql connect failed, err:	{"err": "dial tcp 190.92.239.86:3306: connect: operation timed out"}
[2024-08-15 23:39:10.396]	local.info	blogApi/main.go:15	Log init success!
[2024-08-15 23:40:27.050]	local.error	bootstrap/db.go:50	mysql connect failed, err:	{"err": "dial tcp 190.92.239.86:3306: connect: operation timed out"}
[2024-08-16 00:19:08.835]	local.info	blogApi/main.go:15	Log init success!
[2024-08-16 00:20:26.031]	local.error	bootstrap/db.go:50	mysql connect failed, err:	{"err": "dial tcp 190.92.239.86:3306: connect: operation timed out"}
[2024-08-16 00:21:30.964]	local.info	blogApi/main.go:15	Log init success!
[2024-08-16 00:21:32.305]	local.info	blogApi/main.go:15	Log init success!
[2024-08-16 00:22:49.034]	local.error	bootstrap/db.go:50	mysql connect failed, err:	{"err": "dial tcp 190.92.239.86:3306: connect: operation timed out"}
[2024-08-16 19:11:49.908]	local.info	blogApi/main.go:15	Log init success!
[2024-08-16 19:13:05.131]	local.error	bootstrap/db.go:50	mysql connect failed, err:	{"err": "dial tcp 190.92.239.86:3306: connect: operation timed out"}
[2024-08-16 19:21:31.181]	local.info	blogApi/main.go:15	Log init success!
[2024-08-16 19:22:46.918]	local.error	bootstrap/db.go:50	mysql connect failed, err:	{"err": "dial tcp 190.92.239.86:3306: connect: operation timed out"}
[2024-08-17 21:42:43.609]	local.info	blogApi/main.go:15	Log init success!
[2024-08-17 21:42:43.611]	local.error	bootstrap/db.go:43	mysql connect failed, err:	{"err": "unable to open database file: no such file or directory"}
[2024-08-17 21:51:47.591]	local.info	blogApi/main.go:15	Log init success!
[2024-08-17 21:51:47.596]	local.error	bootstrap/db.go:43	mysql connect failed, err:	{"err": "unable to open database file: no such file or directory"}
[2024-08-17 21:52:22.019]	local.info	blogApi/main.go:15	Log init success!
[2024-08-17 21:52:22.021]	local.error	bootstrap/db.go:43	mysql connect failed, err:	{"err": "unable to open database file: no such file or directory"}
[2024-08-17 21:52:42.139]	local.info	blogApi/main.go:15	Log init success!
[2024-08-17 21:52:42.140]	local.error	bootstrap/db.go:43	mysql connect failed, err:	{"err": "unable to open database file: no such file or directory"}
[2024-08-17 21:53:54.471]	local.info	blogApi/main.go:15	Log init success!
[2024-08-17 21:53:54.475]	local.error	bootstrap/db.go:43	mysql connect failed, err:	{"err": "unable to open database file: no such file or directory"}
[2024-08-17 21:54:06.371]	local.info	blogApi/main.go:15	Log init success!
[2024-08-17 21:54:06.372]	local.error	bootstrap/db.go:43	mysql connect failed, err:	{"err": "unable to open database file: no such file or directory"}
[2024-08-17 21:55:20.874]	local.info	blogApi/main.go:15	Log init success!
[2024-08-17 21:55:20.874]	local.info	bootstrap/db.go:39	root:123456@./go-test.db
[2024-08-17 21:55:20.875]	local.error	bootstrap/db.go:45	mysql connect failed, err:	{"err": "unable to open database file: no such file or directory"}
[2024-08-17 21:55:48.971]	local.info	blogApi/main.go:15	Log init success!
[2024-08-17 21:55:48.971]	local.info	bootstrap/db.go:39	root:123456@./go-test.db 
[2024-08-17 21:55:48.972]	local.error	bootstrap/db.go:45	mysql connect failed, err:	{"err": "unable to open database file: no such file or directory"}
[2024-08-17 21:57:11.523]	local.info	blogApi/main.go:15	Log init success!
[2024-08-17 21:57:11.523]	local.info	bootstrap/db.go:39	root:123456@./go-test.db
[2024-08-17 21:57:11.524]	local.error	bootstrap/db.go:45	mysql connect failed, err:	{"err": "unable to open database file: no such file or directory"}
[2024-08-17 21:57:12.780]	local.info	blogApi/main.go:15	Log init success!
[2024-08-17 21:57:12.780]	local.info	bootstrap/db.go:39	root:123456@./go-test.db
[2024-08-17 21:57:12.781]	local.error	bootstrap/db.go:45	mysql connect failed, err:	{"err": "unable to open database file: no such file or directory"}
[2024-08-17 21:58:07.767]	local.info	blogApi/main.go:15	Log init success!
[2024-08-17 21:58:07.767]	local.info	bootstrap/db.go:39	root:123456@./go-test.db
[2024-08-17 21:58:07.767]	local.error	bootstrap/db.go:45	sqlite connect failed, err:	{"err": "unable to open database file: no such file or directory"}
[2024-08-17 22:00:57.417]	local.info	blogApi/main.go:15	Log init success!
[2024-08-17 22:00:57.419]	local.info	bootstrap/db.go:39	root:123456@./go-test.db
[2024-08-17 22:00:57.433]	local.error	bootstrap/db.go:45	sqlite connect failed, err:	{"err": "unable to open database file: no such file or directory"}
[2024-08-17 22:00:58.170]	local.info	blogApi/main.go:15	Log init success!
[2024-08-17 22:00:58.171]	local.info	bootstrap/db.go:39	root:123456@./go-test.db
[2024-08-17 22:00:58.171]	local.error	bootstrap/db.go:45	sqlite connect failed, err:	{"err": "unable to open database file: no such file or directory"}
[2024-08-17 22:00:59.976]	local.info	blogApi/main.go:15	Log init success!
[2024-08-17 22:00:59.977]	local.info	bootstrap/db.go:39	root:123456@./go-test.db
[2024-08-17 22:00:59.981]	local.error	bootstrap/db.go:45	sqlite connect failed, err:	{"err": "unable to open database file: no such file or directory"}
[2024-08-17 22:05:24.990]	local.info	blogApi/main.go:15	Log init success!
[2024-08-17 22:05:24.991]	local.error	bootstrap/db.go:43	sqlite connect failed, err:	{"err": "unable to open database file: no such file or directory"}
[2024-08-17 22:08:06.920]	local.info	blogApi/main.go:15	Log init success!
[2024-08-17 22:08:06.921]	local.error	bootstrap/db.go:43	sqlite connect failed, err:	{"err": "unable to open database file: no such file or directory"}
[2024-08-17 22:09:50.643]	local.info	blogApi/main.go:15	Log init success!
[2024-08-17 22:09:50.643]	local.info	bootstrap/db.go:39	root:123456@./go-test.db
[2024-08-17 22:09:50.643]	local.error	bootstrap/db.go:45	sqlite connect failed, err:	{"err": "unable to open database file: no such file or directory"}
[2024-08-17 22:10:27.576]	local.info	blogApi/main.go:15	Log init success!
[2024-08-17 22:10:27.577]	local.info	bootstrap/db.go:39	root:123456@./go-test.db
[2024-08-17 22:10:27.577]	local.error	bootstrap/db.go:45	sqlite connect failed, err:	{"err": "unable to open database file: no such file or directory"}
[2024-08-17 22:11:00.291]	local.info	blogApi/main.go:15	Log init success!
[2024-08-17 22:11:00.292]	local.info	bootstrap/db.go:39	root:123456@./go-test.db
[2024-08-17 22:11:00.292]	local.error	bootstrap/db.go:45	sqlite connect failed, err:	{"err": "unable to open database file: no such file or directory"}
[2024-08-17 22:13:02.977]	local.info	blogApi/main.go:15	Log init success!
[2024-08-17 22:13:02.977]	local.info	bootstrap/db.go:39	root:123456@./go-test.db
[2024-08-17 22:13:02.977]	local.error	bootstrap/db.go:45	sqlite connect failed, err:	{"err": "unable to open database file: no such file or directory"}
[2024-08-17 22:15:43.398]	local.info	blogApi/main.go:15	Log init success!
[2024-08-17 22:15:43.399]	local.info	bootstrap/db.go:39	root:123456@./go-test.db
[2024-08-17 22:15:43.401]	local.error	bootstrap/db.go:45	sqlite connect failed, err:	{"err": "unable to open database file: no such file or directory"}
[2024-08-17 22:15:44.428]	local.info	blogApi/main.go:15	Log init success!
[2024-08-17 22:15:44.428]	local.info	bootstrap/db.go:39	root:123456@./go-test.db
[2024-08-17 22:15:44.429]	local.error	bootstrap/db.go:45	sqlite connect failed, err:	{"err": "unable to open database file: no such file or directory"}
[2024-08-17 22:16:15.554]	local.info	blogApi/main.go:15	Log init success!
[2024-08-17 22:16:15.555]	local.info	bootstrap/db.go:39	root:123456@./go-test.db
[2024-08-17 22:16:15.555]	local.error	bootstrap/db.go:45	sqlite connect failed, err:	{"err": "unable to open database file: no such file or directory"}
[2024-08-17 22:19:31.636]	local.info	blogApi/main.go:15	Log init success!
[2024-08-17 22:19:31.637]	local.info	bootstrap/db.go:39	root:123456@./go-test.db
[2024-08-17 22:19:31.640]	local.error	bootstrap/db.go:45	sqlite connect failed, err:	{"err": "unable to open database file: no such file or directory"}
[2024-08-17 22:19:36.090]	local.info	blogApi/main.go:15	Log init success!
[2024-08-17 22:19:36.090]	local.info	bootstrap/db.go:39	root:123456@./go-test.db
[2024-08-17 22:19:36.091]	local.error	bootstrap/db.go:45	sqlite connect failed, err:	{"err": "unable to open database file: no such file or directory"}
[2024-08-17 22:19:37.752]	local.info	blogApi/main.go:15	Log init success!
[2024-08-17 22:19:37.752]	local.info	bootstrap/db.go:39	root:123456@./go-test.db
[2024-08-17 22:19:37.754]	local.error	bootstrap/db.go:45	sqlite connect failed, err:	{"err": "unable to open database file: no such file or directory"}
[2024-08-17 22:20:08.575]	local.info	blogApi/main.go:15	Log init success!
[2024-08-17 22:20:08.575]	local.info	bootstrap/db.go:39	root:123456@./go-test.db
[2024-08-17 22:20:08.577]	local.error	bootstrap/db.go:45	sqlite connect failed, err:	{"err": "unable to open database file: no such file or directory"}
[2024-08-17 22:20:27.058]	local.info	blogApi/main.go:15	Log init success!
[2024-08-17 22:20:27.058]	local.info	bootstrap/db.go:39	root:123456@./go-test.db
[2024-08-17 22:20:27.059]	local.error	bootstrap/db.go:45	sqlite connect failed, err:	{"err": "unable to open database file: no such file or directory"}
[2024-08-17 22:22:04.400]	local.info	blogApi/main.go:15	Log init success!
[2024-08-17 22:22:04.400]	local.info	bootstrap/db.go:39	root:123456@./go-test.db
[2024-08-17 22:22:04.401]	local.error	bootstrap/db.go:45	sqlite connect failed, err:	{"err": "unable to open database file: no such file or directory"}
[2024-08-17 22:22:15.799]	local.info	blogApi/main.go:15	Log init success!
[2024-08-17 22:22:15.799]	local.info	bootstrap/db.go:39	root:123456@./go-test.db
[2024-08-17 22:22:15.801]	local.error	bootstrap/db.go:45	sqlite connect failed, err:	{"err": "unable to open database file: no such file or directory"}
[2024-08-17 22:23:17.475]	local.info	blogApi/main.go:15	Log init success!
[2024-08-17 22:23:17.475]	local.info	bootstrap/db.go:39	root:123456@./go-test.db
[2024-08-17 22:23:17.476]	local.error	bootstrap/db.go:45	sqlite connect failed, err:	{"err": "unable to open database file: no such file or directory"}
[2024-08-17 22:23:21.719]	local.info	blogApi/main.go:15	Log init success!
[2024-08-17 22:23:21.719]	local.info	bootstrap/db.go:39	root:123456@./go-test.db
[2024-08-17 22:23:21.720]	local.error	bootstrap/db.go:45	sqlite connect failed, err:	{"err": "unable to open database file: no such file or directory"}
[2024-08-17 22:23:31.943]	local.info	blogApi/main.go:15	Log init success!
[2024-08-17 22:23:31.943]	local.info	bootstrap/db.go:39	root:123456@./go-test.db
[2024-08-17 22:23:31.944]	local.error	bootstrap/db.go:45	sqlite connect failed, err:	{"err": "unable to open database file: no such file or directory"}
[2024-08-17 22:23:32.680]	local.info	blogApi/main.go:15	Log init success!
[2024-08-17 22:23:32.681]	local.info	bootstrap/db.go:39	root:123456@./go-test.db
[2024-08-17 22:23:32.681]	local.error	bootstrap/db.go:45	sqlite connect failed, err:	{"err": "unable to open database file: no such file or directory"}
[2024-08-17 22:24:08.559]	local.info	blogApi/main.go:15	Log init success!
[2024-08-17 22:24:08.559]	local.info	bootstrap/db.go:39	root:123456@./go-test.db
[2024-08-17 22:24:08.560]	local.error	bootstrap/db.go:45	sqlite connect failed, err:	{"err": "unable to open database file: no such file or directory"}
[2024-08-17 22:24:52.231]	local.info	blogApi/main.go:15	Log init success!
[2024-08-17 22:24:52.232]	local.info	bootstrap/db.go:40	root:123456@./go-test.db
[2024-08-17 22:24:58.153]	local.info	blogApi/main.go:15	Log init success!
[2024-08-17 22:24:58.153]	local.info	bootstrap/db.go:40	root:123456@./go-test.db
[2024-08-17 22:25:41.125]	local.info	blogApi/main.go:15	Log init success!
[2024-08-17 22:25:41.125]	local.info	bootstrap/db.go:40	root:123456@./go-test.db
[2024-08-17 22:25:52.156]	local.info	blogApi/main.go:15	Log init success!
[2024-08-17 22:25:52.156]	local.info	bootstrap/db.go:40	root:123456@./go-test.db
[2024-08-17 22:26:11.404]	local.info	blogApi/main.go:15	Log init success!
[2024-08-17 22:26:11.404]	local.info	bootstrap/db.go:40	root:123456@./go-test.db
[2024-08-17 22:36:05.221]	local.info	blogApi/main.go:15	Log init success!
[2024-08-17 22:36:05.221]	local.info	bootstrap/db.go:40	root:123456@./go-test.db
[2024-08-17 22:37:18.015]	local.info	blogApi/main.go:15	Log init success!
[2024-08-17 22:37:18.015]	local.info	bootstrap/db.go:40	root:123456@./go-test.db
[2024-08-17 22:41:36.215]	local.info	blogApi/main.go:15	Log init success!
[2024-08-17 22:41:36.216]	local.info	bootstrap/db.go:40	root:123456@./go-test.db
[2024-08-17 22:42:00.149]	local.info	blogApi/main.go:15	Log init success!
[2024-08-17 22:42:00.150]	local.info	bootstrap/db.go:40	root:123456@./go-test.db
[2024-08-17 22:42:11.031]	local.info	blogApi/main.go:15	Log init success!
[2024-08-17 22:42:11.032]	local.info	bootstrap/db.go:40	root:123456@./go-test.db
[2024-08-17 22:42:14.006]	local.info	blogApi/main.go:15	Log init success!
[2024-08-17 22:42:14.006]	local.info	bootstrap/db.go:40	root:123456@./go-test.db
[2024-08-17 22:42:15.106]	local.info	blogApi/main.go:15	Log init success!
[2024-08-17 22:42:15.106]	local.info	bootstrap/db.go:40	root:123456@./go-test.db
[2024-08-17 22:44:32.125]	local.info	blogApi/main.go:15	Log init success!
[2024-08-17 22:44:32.125]	local.info	bootstrap/db.go:40	root:123456@./go-test.db
[2024-08-17 22:48:34.323]	local.info	blogApi/main.go:15	Log init success!
[2024-08-17 22:48:34.323]	local.info	bootstrap/db.go:40	root:123456@./go-test.db
[2024-08-17 22:51:15.151]	local.info	blogApi/main.go:15	Log init success!
[2024-08-17 22:51:15.151]	local.info	bootstrap/db.go:40	root:123456@./go-test.db
[2024-08-17 22:56:30.218]	local.info	blogApi/main.go:15	Log init success!
[2024-08-17 22:56:30.219]	local.info	bootstrap/db.go:40	root:123456@./go-test.db
[2024-08-17 22:59:40.583]	local.info	blogApi/main.go:15	Log init success!
[2024-08-17 22:59:40.583]	local.info	bootstrap/db.go:40	root:123456@./go-test.db
[2024-08-17 23:02:04.446]	local.info	blogApi/main.go:15	Log init success!
[2024-08-17 23:02:04.446]	local.info	bootstrap/db.go:39	root:123456@./go-test.db
[2024-08-17 23:02:04.452]	local.error	bootstrap/db.go:45	sqlite connect failed, err:	{"err": "unable to open database file: no such file or directory"}
[2024-08-17 23:02:08.410]	local.info	blogApi/main.go:15	Log init success!
[2024-08-17 23:02:08.410]	local.info	bootstrap/db.go:39	root:123456@./go-test.db
[2024-08-17 23:02:08.411]	local.error	bootstrap/db.go:45	sqlite connect failed, err:	{"err": "unable to open database file: no such file or directory"}
[2024-08-17 23:02:11.817]	local.info	blogApi/main.go:15	Log init success!
[2024-08-17 23:02:11.817]	local.info	bootstrap/db.go:39	root:123456@./go-test.db
[2024-08-17 23:02:11.818]	local.error	bootstrap/db.go:45	sqlite connect failed, err:	{"err": "unable to open database file: no such file or directory"}
[2024-08-17 23:02:23.209]	local.info	blogApi/main.go:15	Log init success!
[2024-08-17 23:02:23.210]	local.info	bootstrap/db.go:39	root:123456@./go-test.db
[2024-08-17 23:02:23.210]	local.error	bootstrap/db.go:45	sqlite connect failed, err:	{"err": "unable to open database file: no such file or directory"}
[2024-08-17 23:16:22.486]	local.info	blogApi/main.go:15	Log init success!
[2024-08-17 23:16:22.486]	local.info	bootstrap/db.go:39	root:123456@./go-test.db
[2024-08-17 23:16:22.486]	local.error	bootstrap/db.go:45	sqlite connect failed, err:	{"err": "unable to open database file: no such file or directory"}
[2024-08-17 23:22:09.755]	local.info	blogApi/main.go:15	Log init success!
[2024-08-17 23:22:09.756]	local.error	bootstrap/db.go:43	sqlite connect failed, err:	{"err": "unable to open database file: no such file or directory"}
[2024-08-17 23:22:55.074]	local.info	blogApi/main.go:15	Log init success!
[2024-08-17 23:22:55.074]	local.error	bootstrap/db.go:43	sqlite connect failed, err:	{"err": "unable to open database file: no such file or directory"}
[2024-08-17 23:33:32.403]	local.info	blogApi/main.go:15	Log init success!
[2024-08-17 23:34:20.276]	local.info	blogApi/main.go:15	Log init success!
[2024-08-17 23:34:20.277]	local.error	bootstrap/db.go:43	sqlite connect failed, err:	{"err": "unable to open database file: no such file or directory"}
